D:\chris-work\mergeImageExe\mergeImageExe2\mergeImageExe\mergeImageExe\x64\Debug\cl.command.1.tlog
D:\chris-work\mergeImageExe\mergeImageExe2\mergeImageExe\mergeImageExe\x64\Debug\CL.read.1.tlog
D:\chris-work\mergeImageExe\mergeImageExe2\mergeImageExe\mergeImageExe\x64\Debug\CL.write.1.tlog
D:\CHRIS-WORK\MERGEIMAGEEXE\MERGEIMAGEEXE2\MERGEIMAGEEXE\MERGEIMAGEEXE\X64\DEBUG\IMAGE.OBJ
D:\chris-work\mergeImageExe\mergeImageExe2\mergeImageExe\mergeImageExe\x64\Debug\link.13468.read.1.tlog
D:\chris-work\mergeImageExe\mergeImageExe2\mergeImageExe\mergeImageExe\x64\Debug\link.13468.write.1.tlog
D:\chris-work\mergeImageExe\mergeImageExe2\mergeImageExe\mergeImageExe\x64\Debug\link.13468-cvtres.read.1.tlog
D:\chris-work\mergeImageExe\mergeImageExe2\mergeImageExe\mergeImageExe\x64\Debug\link.13468-cvtres.write.1.tlog
D:\chris-work\mergeImageExe\mergeImageExe2\mergeImageExe\mergeImageExe\x64\Debug\link.5212.read.1.tlog
D:\chris-work\mergeImageExe\mergeImageExe2\mergeImageExe\mergeImageExe\x64\Debug\link.5212.write.1.tlog
D:\chris-work\mergeImageExe\mergeImageExe2\mergeImageExe\mergeImageExe\x64\Debug\link.5212-cvtres.read.1.tlog
D:\chris-work\mergeImageExe\mergeImageExe2\mergeImageExe\mergeImageExe\x64\Debug\link.5212-cvtres.write.1.tlog
D:\chris-work\mergeImageExe\mergeImageExe2\mergeImageExe\mergeImageExe\x64\Debug\link.command.1.tlog
D:\chris-work\mergeImageExe\mergeImageExe2\mergeImageExe\mergeImageExe\x64\Debug\link.read.1.tlog
D:\chris-work\mergeImageExe\mergeImageExe2\mergeImageExe\mergeImageExe\x64\Debug\link.write.1.tlog
D:\chris-work\mergeImageExe\mergeImageExe2\mergeImageExe\mergeImageExe\x64\Debug\link-cvtres.read.1.tlog
D:\chris-work\mergeImageExe\mergeImageExe2\mergeImageExe\mergeImageExe\x64\Debug\link-cvtres.write.1.tlog
D:\CHRIS-WORK\MERGEIMAGEEXE\MERGEIMAGEEXE2\MERGEIMAGEEXE\MERGEIMAGEEXE\X64\DEBUG\MAIN.OBJ
D:\CHRIS-WORK\MERGEIMAGEEXE\MERGEIMAGEEXE2\MERGEIMAGEEXE\MERGEIMAGEEXE\X64\DEBUG\MERGEIMAGEEXE.EXE.EMBED.MANIFEST
D:\CHRIS-WORK\MERGEIMAGEEXE\MERGEIMAGEEXE2\MERGEIMAGEEXE\MERGEIMAGEEXE\X64\DEBUG\MERGEIMAGEEXE.EXE.EMBED.MANIFEST.RES
D:\CHRIS-WORK\MERGEIMAGEEXE\MERGEIMAGEEXE2\MERGEIMAGEEXE\MERGEIMAGEEXE\X64\DEBUG\MERGEIMAGEEXE.EXE.INTERMEDIATE.MANIFEST
D:\chris-work\mergeImageExe\mergeImageExe2\mergeImageExe\mergeImageExe\x64\Debug\mergeImageExe.vcxprojResolveAssemblyReference.cache
D:\chris-work\mergeImageExe\mergeImageExe2\mergeImageExe\mergeImageExe\x64\Debug\mergeImageExe.write.1.tlog
D:\chris-work\mergeImageExe\mergeImageExe2\mergeImageExe\mergeImageExe\x64\Debug\mergeImageExe_manifest.rc
D:\chris-work\mergeImageExe\mergeImageExe2\mergeImageExe\mergeImageExe\x64\Debug\mt.command.1.tlog
D:\chris-work\mergeImageExe\mergeImageExe2\mergeImageExe\mergeImageExe\x64\Debug\mt.read.1.tlog
D:\chris-work\mergeImageExe\mergeImageExe2\mergeImageExe\mergeImageExe\x64\Debug\mt.write.1.tlog
D:\chris-work\mergeImageExe\mergeImageExe2\mergeImageExe\mergeImageExe\x64\Debug\rc.command.1.tlog
D:\chris-work\mergeImageExe\mergeImageExe2\mergeImageExe\mergeImageExe\x64\Debug\rc.read.1.tlog
D:\chris-work\mergeImageExe\mergeImageExe2\mergeImageExe\mergeImageExe\x64\Debug\rc.write.1.tlog
D:\CHRIS-WORK\MERGEIMAGEEXE\MERGEIMAGEEXE2\MERGEIMAGEEXE\MERGEIMAGEEXE\X64\DEBUG\TEXTPROCESS.OBJ
D:\chris-work\mergeImageExe\mergeImageExe2\mergeImageExe\mergeImageExe\x64\Debug\vc100.idb
D:\CHRIS-WORK\MERGEIMAGEEXE\MERGEIMAGEEXE2\MERGEIMAGEEXE\MERGEIMAGEEXE\X64\DEBUG\VC100.PDB
D:\CHRIS-WORK\MERGEIMAGEEXE\MERGEIMAGEEXE2\MERGEIMAGEEXE\X64\DEBUG\MERGEIMAGEEXE.EXE
D:\CHRIS-WORK\MERGEIMAGEEXE\MERGEIMAGEEXE2\MERGEIMAGEEXE\X64\DEBUG\MERGEIMAGEEXE.ILK
D:\CHRIS-WORK\MERGEIMAGEEXE\MERGEIMAGEEXE2\MERGEIMAGEEXE\X64\DEBUG\MERGEIMAGEEXE.PDB
