Build started 2018/5/15 下午 04:55:53.
     1>Project "D:\chris-work\mergeImageExe\mergeImageExe2\mergeImageExe\mergeImageExe\mergeImageExe.vcxproj" on node 2 (build target(s)).
     1>InitializeBuildStatus:
         Creating "x64\Debug\mergeImageExe.unsuccessfulbuild" because "AlwaysCreate" was specified.
       ClCompile:
         C:\Program Files (x86)\Microsoft Visual Studio 10.0\VC\bin\x86_amd64\CL.exe /c /IC:\opencv\build\include\opencv2 /IC:\opencv\build\include\opencv /IC:\opencv\build\include /Zi /nologo /W3 /WX- /Od /D WIN32 /D _DEBUG /D _CONSOLE /D _UNICODE /D UNICODE /Gm /EHsc /RTC1 /MDd /GS /fp:precise /Zc:wchar_t /Zc:forScope /Fo"x64\Debug\\" /Fd"x64\Debug\vc100.pdb" /Gd /TP /errorReport:prompt image.cpp main.cpp TextProcess.cpp
         TextProcess.cpp
         main.cpp
         image.cpp
         Generating Code...
       ManifestResourceCompile:
         C:\Program Files (x86)\Microsoft SDKs\Windows\v7.0A\bin\rc.exe /nologo /fo"x64\Debug\mergeImageExe.exe.embed.manifest.res" x64\Debug\mergeImageExe_manifest.rc 
       Link:
         C:\Program Files (x86)\Microsoft Visual Studio 10.0\VC\bin\x86_amd64\link.exe /ERRORREPORT:PROMPT /OUT:"D:\chris-work\mergeImageExe\mergeImageExe2\mergeImageExe\x64\Debug\mergeImageExe.exe" /INCREMENTAL /NOLOGO /LIBPATH:C:\opencv\build\x64\vc10\lib opencv_calib3d249d.lib opencv_contrib249d.lib opencv_core249d.lib opencv_features2d249d.lib opencv_flann249d.lib opencv_gpu249d.lib opencv_highgui249d.lib opencv_imgproc249d.lib opencv_legacy249d.lib opencv_ml249d.lib opencv_nonfree249d.lib opencv_objdetect249d.lib opencv_photo249d.lib opencv_stitching249d.lib opencv_ts249d.lib opencv_video249d.lib opencv_videostab249d.lib kernel32.lib user32.lib gdi32.lib winspool.lib comdlg32.lib advapi32.lib shell32.lib ole32.lib oleaut32.lib uuid.lib odbc32.lib odbccp32.lib /MANIFEST /ManifestFile:"x64\Debug\mergeImageExe.exe.intermediate.manifest" /MANIFESTUAC:"level='asInvoker' uiAccess='false'" /DEBUG /PDB:"D:\chris-work\mergeImageExe\mergeImageExe2\mergeImageExe\x64\Debug\mergeImageExe.pdb" /SUBSYSTEM:CONSOLE /TLBID:1 /DYNAMICBASE /NXCOMPAT /IMPLIB:"D:\chris-work\mergeImageExe\mergeImageExe2\mergeImageExe\x64\Debug\mergeImageExe.lib" /MACHINE:X64 x64\Debug\mergeImageExe.exe.embed.manifest.res
         x64\Debug\image.obj
         x64\Debug\main.obj
         x64\Debug\TextProcess.obj
         mergeImageExe.vcxproj -> D:\chris-work\mergeImageExe\mergeImageExe2\mergeImageExe\x64\Debug\mergeImageExe.exe
       Manifest:
         C:\Program Files (x86)\Microsoft SDKs\Windows\v7.0A\bin\mt.exe /nologo /verbose /out:"x64\Debug\mergeImageExe.exe.embed.manifest" /manifest x64\Debug\mergeImageExe.exe.intermediate.manifest
         C:\Program Files (x86)\Microsoft SDKs\Windows\v7.0A\bin\rc.exe /nologo /fo"x64\Debug\mergeImageExe.exe.embed.manifest.res" x64\Debug\mergeImageExe_manifest.rc 
       LinkEmbedManifest:
         C:\Program Files (x86)\Microsoft Visual Studio 10.0\VC\bin\x86_amd64\link.exe /ERRORREPORT:PROMPT /OUT:"D:\chris-work\mergeImageExe\mergeImageExe2\mergeImageExe\x64\Debug\mergeImageExe.exe" /INCREMENTAL /NOLOGO /LIBPATH:C:\opencv\build\x64\vc10\lib opencv_calib3d249d.lib opencv_contrib249d.lib opencv_core249d.lib opencv_features2d249d.lib opencv_flann249d.lib opencv_gpu249d.lib opencv_highgui249d.lib opencv_imgproc249d.lib opencv_legacy249d.lib opencv_ml249d.lib opencv_nonfree249d.lib opencv_objdetect249d.lib opencv_photo249d.lib opencv_stitching249d.lib opencv_ts249d.lib opencv_video249d.lib opencv_videostab249d.lib kernel32.lib user32.lib gdi32.lib winspool.lib comdlg32.lib advapi32.lib shell32.lib ole32.lib oleaut32.lib uuid.lib odbc32.lib odbccp32.lib /MANIFEST /ManifestFile:"x64\Debug\mergeImageExe.exe.intermediate.manifest" /MANIFESTUAC:"level='asInvoker' uiAccess='false'" /DEBUG /PDB:"D:\chris-work\mergeImageExe\mergeImageExe2\mergeImageExe\x64\Debug\mergeImageExe.pdb" /SUBSYSTEM:CONSOLE /TLBID:1 /DYNAMICBASE /NXCOMPAT /IMPLIB:"D:\chris-work\mergeImageExe\mergeImageExe2\mergeImageExe\x64\Debug\mergeImageExe.lib" /MACHINE:X64 x64\Debug\mergeImageExe.exe.embed.manifest.res
         x64\Debug\image.obj
         x64\Debug\main.obj
         x64\Debug\TextProcess.obj
         mergeImageExe.vcxproj -> D:\chris-work\mergeImageExe\mergeImageExe2\mergeImageExe\x64\Debug\mergeImageExe.exe
       FinalizeBuildStatus:
         Deleting file "x64\Debug\mergeImageExe.unsuccessfulbuild".
         Touching "x64\Debug\mergeImageExe.lastbuildstate".
     1>Done Building Project "D:\chris-work\mergeImageExe\mergeImageExe2\mergeImageExe\mergeImageExe\mergeImageExe.vcxproj" (build target(s)).

Build succeeded.

Time Elapsed 00:00:04.56
